<?xml version="1.0" encoding="UTF-8"?>
<!-- Generated by org.testng.reporters.JUnitXMLReporter -->
<testsuite ignored="3" hostname="DESKTOP-0N6SKDQ" failures="0" tests="2" name="Default test" time="14.977" errors="0" timestamp="2024-02-04T12:07:21 EET">
  <testcase classname="MyTestCases.SignUp" name="Counter" time="3.655"/>
  <testcase classname="MyTestCases.SignUp" name="addOneRandomItem" time="11.103"/>
  <testcase classname="MyTestCases.SignUp" name="logOut" time="0.0">
    <ignored/>
  </testcase> <!-- logOut -->
  <testcase classname="MyTestCases.SignUp" name="SignIn" time="0.0">
    <ignored/>
  </testcase> <!-- SignIn -->
  <testcase classname="MyTestCases.SignUp" name="SignUp" time="0.0">
    <ignored/>
  </testcase> <!-- SignUp -->
</testsuite> <!-- Default test -->
